15:11:20.257 [main] %5-level testCases.TC002_LoginTest - ***8starting TC002_LoginTest****
15:11:47.113 [main] %5-level testCases.TC002_LoginTest - ***8starting TC002_LoginTest****
15:12:10.102 [main] %5-level testCases.TC002_LoginTest - ***8starting TC002_LoginTest****
15:16:25.631 [main] %5-level testCases.TC002_LoginTest - ***8starting TC002_LoginTest****
15:21:33.960 [main] %5-level testCases.TC002_LoginTest - ***8starting TC002_LoginTest****
15:22:59.071 [main] %5-level testCases.TC002_LoginTest - ***8starting TC002_LoginTest****
15:24:16.044 [main] %5-level testCases.TC002_LoginTest - ***8starting TC002_LoginTest****
15:25:01.723 [main] %5-level testCases.TC002_LoginTest - ***8starting TC002_LoginTest****
15:31:18.358 [main] %5-level testCases.TC002_LoginTest - ***8starting TC002_LoginTest****
15:35:22.957 [main] %5-level testCases.TC002_LoginTest - ***8starting TC002_LoginTest****
17:30:02.337 [main] %5-level testCases.TC001_AccountRegistrationTest - ***Starting TC001_AccountRegistrationTest*****
17:30:02.679 [main] %5-level testCases.TC001_AccountRegistrationTest -  clicked on My Account link 
17:30:04.723 [main] %5-level testCases.TC001_AccountRegistrationTest -  clicked on Register link 
17:30:04.871 [main] %5-level testCases.TC001_AccountRegistrationTest -  Providing Customer details 
17:30:09.804 [main] %5-level testCases.TC001_AccountRegistrationTest -  Validating expected message 
17:30:09.876 [main] %5-level testCases.TC001_AccountRegistrationTest - *********TC001_AccountRegistrationTest end****************
17:30:12.582 [main] %5-level testCases.TC002_LoginTest - ***8starting TC002_LoginTest****
17:30:15.382 [main] %5-level testCases.TC002_LoginTest - ***finished TC002_LoginTest****
17:32:30.830 [main] %5-level testCases.TC001_AccountRegistrationTest - ***Starting TC001_AccountRegistrationTest*****
17:32:30.887 [main] %5-level testCases.TC001_AccountRegistrationTest - Test failed..
17:32:30.888 [main] %5-level testCases.TC001_AccountRegistrationTest - Debug logs..
17:33:32.227 [main] %5-level testCases.TC001_AccountRegistrationTest - ***Starting TC001_AccountRegistrationTest*****
17:33:32.250 [main] %5-level testCases.TC001_AccountRegistrationTest - Test failed..
17:33:32.251 [main] %5-level testCases.TC001_AccountRegistrationTest - Debug logs..
17:37:16.742 [main] %5-level testCases.TC001_AccountRegistrationTest - ***Starting TC001_AccountRegistrationTest*****
17:37:16.781 [main] %5-level testCases.TC001_AccountRegistrationTest - Test failed..
17:37:16.781 [main] %5-level testCases.TC001_AccountRegistrationTest - Debug logs..
17:39:19.598 [main] %5-level testCases.TC001_AccountRegistrationTest - ***Starting TC001_AccountRegistrationTest*****
17:39:19.892 [main] %5-level testCases.TC001_AccountRegistrationTest -  clicked on My Account link 
17:39:20.636 [main] %5-level testCases.TC001_AccountRegistrationTest -  clicked on Register link 
17:39:20.638 [main] %5-level testCases.TC001_AccountRegistrationTest -  Providing Customer details 
17:39:25.188 [main] %5-level testCases.TC001_AccountRegistrationTest -  Validating expected message 
17:39:25.285 [main] %5-level testCases.TC001_AccountRegistrationTest - *********TC001_AccountRegistrationTest end****************
17:39:28.224 [main] %5-level testCases.TC002_LoginTest - ***8starting TC002_LoginTest****
17:39:30.305 [main] %5-level testCases.TC002_LoginTest - ***finished TC002_LoginTest****
17:40:22.286 [main] %5-level testCases.TC001_AccountRegistrationTest - ***Starting TC001_AccountRegistrationTest*****
17:40:22.503 [main] %5-level testCases.TC001_AccountRegistrationTest -  clicked on My Account link 
17:40:23.209 [main] %5-level testCases.TC001_AccountRegistrationTest -  clicked on Register link 
17:40:23.213 [main] %5-level testCases.TC001_AccountRegistrationTest -  Providing Customer details 
17:40:27.909 [main] %5-level testCases.TC001_AccountRegistrationTest -  Validating expected message 
17:40:28.004 [main] %5-level testCases.TC001_AccountRegistrationTest - *********TC001_AccountRegistrationTest end****************
17:40:31.287 [main] %5-level testCases.TC002_LoginTest - ***8starting TC002_LoginTest****
17:50:46.739 [main] %5-level testCases.TC001_AccountRegistrationTest - ***Starting TC001_AccountRegistrationTest*****
17:50:46.800 [main] %5-level testCases.TC001_AccountRegistrationTest - Test failed..
17:50:46.800 [main] %5-level testCases.TC001_AccountRegistrationTest - Debug logs..
17:59:10.937 [main] %5-level testCases.TC002_LoginTest - ***8starting TC002_LoginTest****
17:59:16.853 [main] %5-level testCases.TC002_LoginTest - ***finished TC002_LoginTest****
18:00:13.327 [main] %5-level testCases.TC001_AccountRegistrationTest - ***Starting TC001_AccountRegistrationTest*****
18:00:13.746 [main] %5-level testCases.TC001_AccountRegistrationTest -  clicked on My Account link 
18:00:16.374 [main] %5-level testCases.TC001_AccountRegistrationTest -  clicked on Register link 
18:00:16.396 [main] %5-level testCases.TC001_AccountRegistrationTest -  Providing Customer details 
