15:11:01.823 [main] %5-level org.apache.poi.openxml4j.opc.PackageRelationshipCollection - Parsing relationship: /_rels/.rels
15:11:01.844 [main] %5-level org.apache.poi.openxml4j.opc.PackageRelationshipCollection - Parsing relationship: /xl/_rels/workbook.xml.rels
15:11:01.844 [main] %5-level org.apache.poi.openxml4j.opc.PackageRelationshipCollection - Parsing relationship: /_rels/.rels
15:11:01.858 [main] %5-level org.apache.poi.openxml4j.opc.PackageRelationshipCollection - Parsing relationship: /xl/_rels/workbook.xml.rels
15:11:01.859 [main] %5-level org.apache.poi.openxml4j.opc.PackageRelationshipCollection - Parsing relationship: /_rels/.rels
15:11:01.874 [main] %5-level org.apache.poi.openxml4j.opc.PackageRelationshipCollection - Parsing relationship: /xl/_rels/workbook.xml.rels
15:11:01.874 [main] %5-level org.apache.poi.openxml4j.opc.PackageRelationshipCollection - Parsing relationship: /_rels/.rels
15:11:01.887 [main] %5-level org.apache.poi.openxml4j.opc.PackageRelationshipCollection - Parsing relationship: /xl/_rels/workbook.xml.rels
15:11:01.888 [main] %5-level org.apache.poi.openxml4j.opc.PackageRelationshipCollection - Parsing relationship: /_rels/.rels
15:11:01.901 [main] %5-level org.apache.poi.openxml4j.opc.PackageRelationshipCollection - Parsing relationship: /xl/_rels/workbook.xml.rels
15:11:01.902 [main] %5-level org.apache.poi.openxml4j.opc.PackageRelationshipCollection - Parsing relationship: /_rels/.rels
15:11:02.030 [main] %5-level testCases.TC003_LoginDDT - *************starting TC003_LoginDDT**********
15:11:03.451 [main] %5-level testCases.TC003_LoginDDT - *************finished TC003_LoginDDT**********
15:11:03.591 [main] %5-level testCases.TC003_LoginDDT - *************starting TC003_LoginDDT**********
15:11:14.119 [main] %5-level testCases.TC003_LoginDDT - *************starting TC003_LoginDDT**********
15:11:24.806 [main] %5-level testCases.TC003_LoginDDT - *************finished TC003_LoginDDT**********
15:11:24.808 [main] %5-level testCases.TC003_LoginDDT - *************starting TC003_LoginDDT**********
15:11:35.521 [main] %5-level testCases.TC003_LoginDDT - *************finished TC003_LoginDDT**********
15:20:30.257 [main] %5-level testCases.TC001_AccountRegistrationTest - ***Starting TC001_AccountRegistrationTest*****
15:20:30.361 [main] %5-level testCases.TC001_AccountRegistrationTest -  clicked on My Account link 
15:20:30.869 [main] %5-level testCases.TC001_AccountRegistrationTest -  clicked on Register link 
15:20:30.870 [main] %5-level testCases.TC001_AccountRegistrationTest -  Providing Customer details 
15:20:33.891 [main] %5-level testCases.TC001_AccountRegistrationTest -  Validating expected message 
15:20:33.921 [main] %5-level testCases.TC001_AccountRegistrationTest - *********TC001_AccountRegistrationTest end****************
15:20:35.084 [main] %5-level testCases.TC002_LoginTest - ***8starting TC002_LoginTest****
15:20:35.857 [main] %5-level testCases.TC002_LoginTest - ***finished TC002_LoginTest****
15:21:23.145 [main] %5-level testCases.TC002_LoginTest - ***8starting TC002_LoginTest****
15:21:24.477 [main] %5-level testCases.TC002_LoginTest - ***finished TC002_LoginTest****
15:23:50.971 [main] %5-level testCases.TC002_LoginTest - ***8starting TC002_LoginTest****
15:23:52.299 [main] %5-level testCases.TC002_LoginTest - ***finished TC002_LoginTest****
15:24:57.651 [main] %5-level testCases.TC001_AccountRegistrationTest - ***Starting TC001_AccountRegistrationTest*****
15:24:57.781 [main] %5-level testCases.TC001_AccountRegistrationTest -  clicked on My Account link 
15:24:58.122 [main] %5-level testCases.TC001_AccountRegistrationTest -  clicked on Register link 
15:24:58.124 [main] %5-level testCases.TC001_AccountRegistrationTest -  Providing Customer details 
15:25:01.536 [main] %5-level testCases.TC001_AccountRegistrationTest -  Validating expected message 
15:25:01.572 [main] %5-level testCases.TC001_AccountRegistrationTest - *********TC001_AccountRegistrationTest end****************
15:25:03.461 [main] %5-level testCases.TC002_LoginTest - ***8starting TC002_LoginTest****
15:25:04.747 [main] %5-level testCases.TC002_LoginTest - ***finished TC002_LoginTest****
15:07:11.244 [main] %5-level testCases.TC001_AccountRegistrationTest - ***Starting TC001_AccountRegistrationTest*****
15:07:11.413 [main] %5-level testCases.TC001_AccountRegistrationTest -  clicked on My Account link 
15:07:12.331 [main] %5-level testCases.TC001_AccountRegistrationTest -  clicked on Register link 
15:07:12.341 [main] %5-level testCases.TC001_AccountRegistrationTest -  Providing Customer details 
15:07:16.227 [main] %5-level testCases.TC001_AccountRegistrationTest -  Validating expected message 
15:07:16.259 [main] %5-level testCases.TC001_AccountRegistrationTest - *********TC001_AccountRegistrationTest end****************
15:07:17.971 [main] %5-level testCases.TC002_LoginTest - ***8starting TC002_LoginTest****
15:10:37.491 [main] %5-level testCases.TC002_LoginTest - ***8starting TC002_LoginTest****
