18:00:23.451 [main] %5-level testCases.TC001_AccountRegistrationTest -  Validating expected message 
18:00:23.584 [main] %5-level testCases.TC001_AccountRegistrationTest - *********TC001_AccountRegistrationTest end****************
18:00:31.539 [main] %5-level testCases.TC002_LoginTest - ***8starting TC002_LoginTest****
18:00:39.548 [main] %5-level testCases.TC002_LoginTest - ***finished TC002_LoginTest****
16:45:04.212 [main] %5-level org.testng.TestNG - suiteXmlPath: "D:\Selenium-ms\Opencart121\master.xml"
16:45:21.434 [main] %5-level testCases.TC001_AccountRegistrationTest - ***Starting TC001_AccountRegistrationTest*****
16:45:21.536 [main] %5-level testCases.TC001_AccountRegistrationTest -  clicked on My Account link 
16:45:22.779 [main] %5-level testCases.TC001_AccountRegistrationTest -  clicked on Register link 
16:45:22.780 [main] %5-level testCases.TC001_AccountRegistrationTest -  Providing Customer details 
16:45:26.946 [main] %5-level testCases.TC001_AccountRegistrationTest -  Validating expected message 
16:45:26.978 [main] %5-level testCases.TC001_AccountRegistrationTest - *********TC001_AccountRegistrationTest end****************
16:45:28.962 [main] %5-level testCases.TC002_LoginTest - ***8starting TC002_LoginTest****
16:45:30.360 [main] %5-level testCases.TC002_LoginTest - ***finished TC002_LoginTest****
17:05:26.834 [main] %5-level org.testng.TestNG - suiteXmlPath: "D:\Selenium-ms\Opencart121\master.xml"
17:05:30.788 [main] %5-level testCases.TC001_AccountRegistrationTest - ***Starting TC001_AccountRegistrationTest*****
17:05:30.901 [main] %5-level testCases.TC001_AccountRegistrationTest -  clicked on My Account link 
17:05:31.211 [main] %5-level testCases.TC001_AccountRegistrationTest -  clicked on Register link 
17:05:31.307 [main] %5-level testCases.TC001_AccountRegistrationTest -  Providing Customer details 
17:05:35.099 [main] %5-level testCases.TC001_AccountRegistrationTest -  Validating expected message 
17:05:35.137 [main] %5-level testCases.TC001_AccountRegistrationTest - *********TC001_AccountRegistrationTest end****************
17:05:38.422 [main] %5-level testCases.TC002_LoginTest - ***8starting TC002_LoginTest****
17:05:39.576 [main] %5-level testCases.TC002_LoginTest - ***finished TC002_LoginTest****
16:23:45.300 [main] %5-level testCases.TC001_AccountRegistrationTest - ***Starting TC001_AccountRegistrationTest*****
16:23:45.299 [main] %5-level testCases.TC001_AccountRegistrationTest - ***Starting TC001_AccountRegistrationTest*****
16:23:45.493 [main] %5-level testCases.TC001_AccountRegistrationTest -  clicked on My Account link 
16:23:45.498 [main] %5-level testCases.TC001_AccountRegistrationTest -  clicked on My Account link 
16:23:46.061 [main] %5-level testCases.TC001_AccountRegistrationTest -  clicked on Register link 
16:23:46.065 [main] %5-level testCases.TC001_AccountRegistrationTest -  Providing Customer details 
16:23:46.070 [main] %5-level testCases.TC001_AccountRegistrationTest -  clicked on Register link 
16:23:46.073 [main] %5-level testCases.TC001_AccountRegistrationTest -  Providing Customer details 
16:23:50.192 [main] %5-level testCases.TC001_AccountRegistrationTest -  Validating expected message 
16:23:50.201 [main] %5-level testCases.TC001_AccountRegistrationTest -  Validating expected message 
16:23:50.303 [main] %5-level testCases.TC001_AccountRegistrationTest - *********TC001_AccountRegistrationTest end****************
16:23:50.303 [main] %5-level testCases.TC001_AccountRegistrationTest - *********TC001_AccountRegistrationTest end****************
16:23:53.528 [main] %5-level testCases.TC002_LoginTest - ***8starting TC002_LoginTest****
16:23:53.529 [main] %5-level testCases.TC002_LoginTest - ***8starting TC002_LoginTest****
16:23:55.124 [main] %5-level testCases.TC002_LoginTest - ***finished TC002_LoginTest****
16:23:55.226 [main] %5-level testCases.TC002_LoginTest - ***finished TC002_LoginTest****
